Connecting to database specified by database.yml
Connecting to database specified by database.yml
Connecting to database specified by database.yml
Connecting to database specified by database.yml
Connecting to database specified by database.yml
Connecting to database specified by database.yml
  [1m[36m (0.1ms)[0m  [1mselect sqlite_version(*)[0m
  [1m[35m (1.5ms)[0m  CREATE TABLE "schema_migrations" ("version" varchar(255) NOT NULL) 
  [1m[36m (0.0ms)[0m  [1mPRAGMA index_list("schema_migrations")[0m
  [1m[35m (1.3ms)[0m  CREATE UNIQUE INDEX "unique_schema_migrations" ON "schema_migrations" ("version")
  [1m[36m (0.1ms)[0m  [1mSELECT "schema_migrations"."version" FROM "schema_migrations" [0m
Migrating to CreateZombies (20120908232703)
  [1m[35m (0.0ms)[0m  begin transaction
  [1m[36m (0.5ms)[0m  [1mCREATE TABLE "zombies" ("id" INTEGER PRIMARY KEY AUTOINCREMENT NOT NULL, "name" varchar(255), "graveyard" varchar(255), "created_at" datetime NOT NULL, "updated_at" datetime NOT NULL) [0m
  [1m[35m (0.1ms)[0m  INSERT INTO "schema_migrations" ("version") VALUES ('20120908232703')
  [1m[36m (1.5ms)[0m  [1mcommit transaction[0m
Migrating to CreateTweets (20120908232756)
  [1m[35m (0.0ms)[0m  begin transaction
  [1m[36m (0.4ms)[0m  [1mCREATE TABLE "tweets" ("id" INTEGER PRIMARY KEY AUTOINCREMENT NOT NULL, "status" varchar(255), "zombie" varchar(255), "zombie_id" integer, "created_at" datetime NOT NULL, "updated_at" datetime NOT NULL) [0m
  [1m[35m (0.1ms)[0m  PRAGMA index_list("tweets")
  [1m[36m (0.2ms)[0m  [1mCREATE INDEX "index_tweets_on_zombie_id" ON "tweets" ("zombie_id")[0m
  [1m[35m (0.1ms)[0m  INSERT INTO "schema_migrations" ("version") VALUES ('20120908232756')
  [1m[36m (1.2ms)[0m  [1mcommit transaction[0m
  [1m[35m (0.3ms)[0m  select sqlite_version(*)
  [1m[36m (0.1ms)[0m  [1mSELECT "schema_migrations"."version" FROM "schema_migrations" [0m
  [1m[35m (0.0ms)[0m  PRAGMA index_list("tweets")
  [1m[36m (0.0ms)[0m  [1mPRAGMA index_info('index_tweets_on_zombie_id')[0m
  [1m[35m (0.0ms)[0m  PRAGMA index_list("zombies")
Connecting to database specified by database.yml
Connecting to database specified by database.yml
Connecting to database specified by database.yml
  [1m[36m (127.1ms)[0m  [1mCREATE TABLE `schema_migrations` (`version` varchar(255) NOT NULL) ENGINE=InnoDB[0m
  [1m[35m (232.9ms)[0m  CREATE UNIQUE INDEX `unique_schema_migrations` ON `schema_migrations` (`version`)
  [1m[36m (4.7ms)[0m  [1mSELECT `schema_migrations`.`version` FROM `schema_migrations` [0m
Migrating to CreateZombies (20120908232703)
  [1m[35m (19.4ms)[0m  CREATE TABLE `zombies` (`id` int(11) DEFAULT NULL auto_increment PRIMARY KEY, `name` varchar(255), `graveyard` varchar(255), `created_at` datetime NOT NULL, `updated_at` datetime NOT NULL) ENGINE=InnoDB
  [1m[36m (0.8ms)[0m  [1mINSERT INTO `schema_migrations` (`version`) VALUES ('20120908232703')[0m
Migrating to CreateTweets (20120908232756)
  [1m[35m (14.2ms)[0m  CREATE TABLE `tweets` (`id` int(11) DEFAULT NULL auto_increment PRIMARY KEY, `status` varchar(255), `zombie` varchar(255), `zombie_id` int(11), `created_at` datetime NOT NULL, `updated_at` datetime NOT NULL) ENGINE=InnoDB
  [1m[36m (16.1ms)[0m  [1mCREATE INDEX `index_tweets_on_zombie_id` ON `tweets` (`zombie_id`)[0m
  [1m[35m (1.1ms)[0m  INSERT INTO `schema_migrations` (`version`) VALUES ('20120908232756')
  [1m[36m (0.2ms)[0m  [1mSELECT `schema_migrations`.`version` FROM `schema_migrations` [0m
Connecting to database specified by database.yml
  [1m[36m (12.2ms)[0m  [1mCREATE TABLE `schema_migrations` (`version` varchar(255) NOT NULL) ENGINE=InnoDB[0m
  [1m[35m (15.8ms)[0m  CREATE UNIQUE INDEX `unique_schema_migrations` ON `schema_migrations` (`version`)
  [1m[36m (1.8ms)[0m  [1mSELECT `schema_migrations`.`version` FROM `schema_migrations` [0m
Migrating to CreateZombies (20120908232703)
  [1m[35m (12.6ms)[0m  CREATE TABLE `zombies` (`id` int(11) DEFAULT NULL auto_increment PRIMARY KEY, `name` varchar(255), `graveyard` varchar(255), `created_at` datetime NOT NULL, `updated_at` datetime NOT NULL) ENGINE=InnoDB
  [1m[36m (1.1ms)[0m  [1mINSERT INTO `schema_migrations` (`version`) VALUES ('20120908232703')[0m
Migrating to CreateTweets (20120908232756)
  [1m[35m (10.8ms)[0m  CREATE TABLE `tweets` (`id` int(11) DEFAULT NULL auto_increment PRIMARY KEY, `status` varchar(255), `zombie` varchar(255), `zombie_id` int(11), `created_at` datetime NOT NULL, `updated_at` datetime NOT NULL) ENGINE=InnoDB
  [1m[36m (21.6ms)[0m  [1mCREATE INDEX `index_tweets_on_zombie_id` ON `tweets` (`zombie_id`)[0m
  [1m[35m (0.7ms)[0m  INSERT INTO `schema_migrations` (`version`) VALUES ('20120908232756')
  [1m[36m (1.8ms)[0m  [1mSELECT `schema_migrations`.`version` FROM `schema_migrations` [0m
Connecting to database specified by database.yml


Started GET "/assets/rails.png" for 127.0.0.1 at 2012-09-08 22:38:47 -0700
Connecting to database specified by database.yml
Served asset /rails.png - 304 Not Modified (8ms)
Connecting to database specified by database.yml
Connecting to database specified by database.yml
  [1m[36m (1.6ms)[0m  [1mSELECT `schema_migrations`.`version` FROM `schema_migrations` [0m
Migrating to CreateZombies (20120908232703)
Migrating to CreateTweets (20120908232756)
  [1m[35m (0.2ms)[0m  SELECT `schema_migrations`.`version` FROM `schema_migrations` 
Connecting to database specified by database.yml
Connecting to database specified by database.yml
  [1m[36m (1.6ms)[0m  [1mSELECT `schema_migrations`.`version` FROM `schema_migrations` [0m
Migrating to CreateZombies (20120908232703)
Migrating to CreateTweets (20120908232756)
  [1m[35m (0.2ms)[0m  SELECT `schema_migrations`.`version` FROM `schema_migrations` 
Connecting to database specified by database.yml
  [1m[36m (1.5ms)[0m  [1mSELECT `schema_migrations`.`version` FROM `schema_migrations` [0m
Migrating to CreateZombies (20120908232703)
Migrating to CreateTweets (20120908232756)
  [1m[35m (0.2ms)[0m  SELECT `schema_migrations`.`version` FROM `schema_migrations` 
Connecting to database specified by database.yml
  [1m[36m (13.2ms)[0m  [1mCREATE TABLE `schema_migrations` (`version` varchar(255) NOT NULL) ENGINE=InnoDB[0m
  [1m[35m (15.7ms)[0m  CREATE UNIQUE INDEX `unique_schema_migrations` ON `schema_migrations` (`version`)
  [1m[36m (1.7ms)[0m  [1mSELECT `schema_migrations`.`version` FROM `schema_migrations` [0m
Migrating to CreateZombies (20120908232703)
  [1m[35m (11.2ms)[0m  CREATE TABLE `zombies` (`id` int(11) DEFAULT NULL auto_increment PRIMARY KEY, `name` varchar(255), `graveyard` varchar(255), `created_at` datetime NOT NULL, `updated_at` datetime NOT NULL) ENGINE=InnoDB
  [1m[36m (1.1ms)[0m  [1mINSERT INTO `schema_migrations` (`version`) VALUES ('20120908232703')[0m
Migrating to CreateTweets (20120908232756)
  [1m[35m (10.7ms)[0m  CREATE TABLE `tweets` (`id` int(11) DEFAULT NULL auto_increment PRIMARY KEY, `status` varchar(255), `zombie` varchar(255), `zombie_id` int(11), `created_at` datetime NOT NULL, `updated_at` datetime NOT NULL) ENGINE=InnoDB
  [1m[36m (13.8ms)[0m  [1mCREATE INDEX `index_tweets_on_zombie_id` ON `tweets` (`zombie_id`)[0m
  [1m[35m (2.0ms)[0m  INSERT INTO `schema_migrations` (`version`) VALUES ('20120908232756')
  [1m[36m (0.2ms)[0m  [1mSELECT `schema_migrations`.`version` FROM `schema_migrations` [0m
Connecting to database specified by database.yml


Started GET "/" for 127.0.0.1 at 2012-09-08 22:56:51 -0700
Connecting to database specified by database.yml

ActionController::RoutingError (No route matches [GET] "/"):
  actionpack (3.2.8) lib/action_dispatch/middleware/debug_exceptions.rb:21:in `call'
  actionpack (3.2.8) lib/action_dispatch/middleware/show_exceptions.rb:56:in `call'
  railties (3.2.8) lib/rails/rack/logger.rb:26:in `call_app'
  railties (3.2.8) lib/rails/rack/logger.rb:16:in `call'
  actionpack (3.2.8) lib/action_dispatch/middleware/request_id.rb:22:in `call'
  rack (1.4.1) lib/rack/methodoverride.rb:21:in `call'
  rack (1.4.1) lib/rack/runtime.rb:17:in `call'
  activesupport (3.2.8) lib/active_support/cache/strategy/local_cache.rb:72:in `call'
  rack (1.4.1) lib/rack/lock.rb:15:in `call'
  actionpack (3.2.8) lib/action_dispatch/middleware/static.rb:62:in `call'
  railties (3.2.8) lib/rails/engine.rb:479:in `call'
  railties (3.2.8) lib/rails/application.rb:223:in `call'
  rack (1.4.1) lib/rack/content_length.rb:14:in `call'
  railties (3.2.8) lib/rails/rack/log_tailer.rb:17:in `call'
  rack (1.4.1) lib/rack/handler/webrick.rb:59:in `service'
  /Users/vishal/.rvm/rubies/ruby-1.9.3-p194/lib/ruby/1.9.1/webrick/httpserver.rb:138:in `service'
  /Users/vishal/.rvm/rubies/ruby-1.9.3-p194/lib/ruby/1.9.1/webrick/httpserver.rb:94:in `run'
  /Users/vishal/.rvm/rubies/ruby-1.9.3-p194/lib/ruby/1.9.1/webrick/server.rb:191:in `block in start_thread'


  Rendered /Users/vishal/.rvm/gems/ruby-1.9.3-p194/gems/actionpack-3.2.8/lib/action_dispatch/middleware/templates/rescues/routing_error.erb within rescues/layout (2.9ms)


Started GET "/" for 127.0.0.1 at 2012-09-08 22:58:01 -0700

SyntaxError (/Users/vishal/Desktop/my/workspace/my_dev/dev-repo/twitter-for-zombies/config/routes.rb:64: syntax error, unexpected keyword_end, expecting $end):
  activesupport (3.2.8) lib/active_support/dependencies.rb:245:in `load'
  activesupport (3.2.8) lib/active_support/dependencies.rb:245:in `block in load'
  activesupport (3.2.8) lib/active_support/dependencies.rb:236:in `load_dependency'
  activesupport (3.2.8) lib/active_support/dependencies.rb:245:in `load'
  railties (3.2.8) lib/rails/application/routes_reloader.rb:40:in `block in load_paths'
  railties (3.2.8) lib/rails/application/routes_reloader.rb:40:in `each'
  railties (3.2.8) lib/rails/application/routes_reloader.rb:40:in `load_paths'
  railties (3.2.8) lib/rails/application/routes_reloader.rb:16:in `reload!'
  railties (3.2.8) lib/rails/application/routes_reloader.rb:26:in `block in updater'
  activesupport (3.2.8) lib/active_support/file_update_checker.rb:78:in `call'
  activesupport (3.2.8) lib/active_support/file_update_checker.rb:78:in `execute'
  activesupport (3.2.8) lib/active_support/file_update_checker.rb:86:in `execute_if_updated'
  railties (3.2.8) lib/rails/application/routes_reloader.rb:7:in `execute_if_updated'
  railties (3.2.8) lib/rails/application/finisher.rb:68:in `block (2 levels) in <module:Finisher>'
  activesupport (3.2.8) lib/active_support/callbacks.rb:429:in `_run__579432802042809450__prepare__26117975537746190__callbacks'
  activesupport (3.2.8) lib/active_support/callbacks.rb:405:in `__run_callback'
  activesupport (3.2.8) lib/active_support/callbacks.rb:385:in `_run_prepare_callbacks'
  activesupport (3.2.8) lib/active_support/callbacks.rb:81:in `run_callbacks'
  actionpack (3.2.8) lib/action_dispatch/middleware/reloader.rb:74:in `prepare!'
  actionpack (3.2.8) lib/action_dispatch/middleware/reloader.rb:64:in `call'
  actionpack (3.2.8) lib/action_dispatch/middleware/remote_ip.rb:31:in `call'
  actionpack (3.2.8) lib/action_dispatch/middleware/debug_exceptions.rb:16:in `call'
  actionpack (3.2.8) lib/action_dispatch/middleware/show_exceptions.rb:56:in `call'
  railties (3.2.8) lib/rails/rack/logger.rb:26:in `call_app'
  railties (3.2.8) lib/rails/rack/logger.rb:16:in `call'
  actionpack (3.2.8) lib/action_dispatch/middleware/request_id.rb:22:in `call'
  rack (1.4.1) lib/rack/methodoverride.rb:21:in `call'
  rack (1.4.1) lib/rack/runtime.rb:17:in `call'
  activesupport (3.2.8) lib/active_support/cache/strategy/local_cache.rb:72:in `call'
  rack (1.4.1) lib/rack/lock.rb:15:in `call'
  actionpack (3.2.8) lib/action_dispatch/middleware/static.rb:62:in `call'
  railties (3.2.8) lib/rails/engine.rb:479:in `call'
  railties (3.2.8) lib/rails/application.rb:223:in `call'
  rack (1.4.1) lib/rack/content_length.rb:14:in `call'
  railties (3.2.8) lib/rails/rack/log_tailer.rb:17:in `call'
  rack (1.4.1) lib/rack/handler/webrick.rb:59:in `service'
  /Users/vishal/.rvm/rubies/ruby-1.9.3-p194/lib/ruby/1.9.1/webrick/httpserver.rb:138:in `service'
  /Users/vishal/.rvm/rubies/ruby-1.9.3-p194/lib/ruby/1.9.1/webrick/httpserver.rb:94:in `run'
  /Users/vishal/.rvm/rubies/ruby-1.9.3-p194/lib/ruby/1.9.1/webrick/server.rb:191:in `block in start_thread'


  Rendered /Users/vishal/.rvm/gems/ruby-1.9.3-p194/gems/actionpack-3.2.8/lib/action_dispatch/middleware/templates/rescues/_trace.erb (1.5ms)
  Rendered /Users/vishal/.rvm/gems/ruby-1.9.3-p194/gems/actionpack-3.2.8/lib/action_dispatch/middleware/templates/rescues/_request_and_response.erb (3.4ms)
  Rendered /Users/vishal/.rvm/gems/ruby-1.9.3-p194/gems/actionpack-3.2.8/lib/action_dispatch/middleware/templates/rescues/diagnostics.erb within rescues/layout (16.2ms)


Started GET "/" for 127.0.0.1 at 2012-09-08 22:58:30 -0700
Processing by TweetsController#index as HTML
  [1m[36mTweet Load (0.2ms)[0m  [1mSELECT `tweets`.* FROM `tweets` [0m
  Rendered tweets/index.html.erb within layouts/application (1.2ms)
Compiled scaffolds.css  (53ms)  (pid 25246)
Compiled tweets.css  (1ms)  (pid 25246)
Compiled zombies.css  (1ms)  (pid 25246)
Compiled application.css  (90ms)  (pid 25246)
Compiled jquery.js  (5ms)  (pid 25246)
Compiled jquery_ujs.js  (0ms)  (pid 25246)
Compiled tweets.js  (104ms)  (pid 25246)
Compiled zombies.js  (92ms)  (pid 25246)
Compiled application.js  (324ms)  (pid 25246)
Completed 200 OK in 566ms (Views: 540.0ms | ActiveRecord: 2.9ms)


Started GET "/assets/tweets.css?body=1" for 127.0.0.1 at 2012-09-08 22:58:31 -0700
Served asset /tweets.css - 200 OK (2ms)


Started GET "/assets/zombies.css?body=1" for 127.0.0.1 at 2012-09-08 22:58:31 -0700
Served asset /zombies.css - 200 OK (2ms)


Started GET "/assets/tweets.js?body=1" for 127.0.0.1 at 2012-09-08 22:58:31 -0700
Served asset /tweets.js - 200 OK (1ms)


Started GET "/assets/jquery.js?body=1" for 127.0.0.1 at 2012-09-08 22:58:31 -0700
Served asset /jquery.js - 200 OK (4ms)


Started GET "/assets/scaffolds.css?body=1" for 127.0.0.1 at 2012-09-08 22:58:31 -0700
Served asset /scaffolds.css - 304 Not Modified (1ms)


Started GET "/assets/jquery_ujs.js?body=1" for 127.0.0.1 at 2012-09-08 22:58:31 -0700
Served asset /jquery_ujs.js - 200 OK (2ms)


Started GET "/assets/application.css?body=1" for 127.0.0.1 at 2012-09-08 22:58:31 -0700
Served asset /application.css - 200 OK (5ms)


Started GET "/assets/zombies.js?body=1" for 127.0.0.1 at 2012-09-08 22:58:31 -0700
Served asset /zombies.js - 200 OK (1ms)


Started GET "/assets/application.js?body=1" for 127.0.0.1 at 2012-09-08 22:58:31 -0700
Served asset /application.js - 304 Not Modified (7ms)


Started GET "/tweets/new" for 127.0.0.1 at 2012-09-08 22:58:33 -0700

ActionController::RoutingError (No route matches [GET] "/tweets/new"):
  actionpack (3.2.8) lib/action_dispatch/middleware/debug_exceptions.rb:21:in `call'
  actionpack (3.2.8) lib/action_dispatch/middleware/show_exceptions.rb:56:in `call'
  railties (3.2.8) lib/rails/rack/logger.rb:26:in `call_app'
  railties (3.2.8) lib/rails/rack/logger.rb:16:in `call'
  actionpack (3.2.8) lib/action_dispatch/middleware/request_id.rb:22:in `call'
  rack (1.4.1) lib/rack/methodoverride.rb:21:in `call'
  rack (1.4.1) lib/rack/runtime.rb:17:in `call'
  activesupport (3.2.8) lib/active_support/cache/strategy/local_cache.rb:72:in `call'
  rack (1.4.1) lib/rack/lock.rb:15:in `call'
  actionpack (3.2.8) lib/action_dispatch/middleware/static.rb:62:in `call'
  railties (3.2.8) lib/rails/engine.rb:479:in `call'
  railties (3.2.8) lib/rails/application.rb:223:in `call'
  rack (1.4.1) lib/rack/content_length.rb:14:in `call'
  railties (3.2.8) lib/rails/rack/log_tailer.rb:17:in `call'
  rack (1.4.1) lib/rack/handler/webrick.rb:59:in `service'
  /Users/vishal/.rvm/rubies/ruby-1.9.3-p194/lib/ruby/1.9.1/webrick/httpserver.rb:138:in `service'
  /Users/vishal/.rvm/rubies/ruby-1.9.3-p194/lib/ruby/1.9.1/webrick/httpserver.rb:94:in `run'
  /Users/vishal/.rvm/rubies/ruby-1.9.3-p194/lib/ruby/1.9.1/webrick/server.rb:191:in `block in start_thread'


  Rendered /Users/vishal/.rvm/gems/ruby-1.9.3-p194/gems/actionpack-3.2.8/lib/action_dispatch/middleware/templates/rescues/routing_error.erb within rescues/layout (0.9ms)


Started GET "/tweets/new" for 127.0.0.1 at 2012-09-08 22:58:51 -0700

ActionController::RoutingError (No route matches [GET] "/tweets/new"):
  actionpack (3.2.8) lib/action_dispatch/middleware/debug_exceptions.rb:21:in `call'
  actionpack (3.2.8) lib/action_dispatch/middleware/show_exceptions.rb:56:in `call'
  railties (3.2.8) lib/rails/rack/logger.rb:26:in `call_app'
  railties (3.2.8) lib/rails/rack/logger.rb:16:in `call'
  actionpack (3.2.8) lib/action_dispatch/middleware/request_id.rb:22:in `call'
  rack (1.4.1) lib/rack/methodoverride.rb:21:in `call'
  rack (1.4.1) lib/rack/runtime.rb:17:in `call'
  activesupport (3.2.8) lib/active_support/cache/strategy/local_cache.rb:72:in `call'
  rack (1.4.1) lib/rack/lock.rb:15:in `call'
  actionpack (3.2.8) lib/action_dispatch/middleware/static.rb:62:in `call'
  railties (3.2.8) lib/rails/engine.rb:479:in `call'
  railties (3.2.8) lib/rails/application.rb:223:in `call'
  rack (1.4.1) lib/rack/content_length.rb:14:in `call'
  railties (3.2.8) lib/rails/rack/log_tailer.rb:17:in `call'
  rack (1.4.1) lib/rack/handler/webrick.rb:59:in `service'
  /Users/vishal/.rvm/rubies/ruby-1.9.3-p194/lib/ruby/1.9.1/webrick/httpserver.rb:138:in `service'
  /Users/vishal/.rvm/rubies/ruby-1.9.3-p194/lib/ruby/1.9.1/webrick/httpserver.rb:94:in `run'
  /Users/vishal/.rvm/rubies/ruby-1.9.3-p194/lib/ruby/1.9.1/webrick/server.rb:191:in `block in start_thread'


  Rendered /Users/vishal/.rvm/gems/ruby-1.9.3-p194/gems/actionpack-3.2.8/lib/action_dispatch/middleware/templates/rescues/routing_error.erb within rescues/layout (0.7ms)


Started GET "/tweets/new" for 127.0.0.1 at 2012-09-08 22:59:33 -0700

ActionController::RoutingError (No route matches [GET] "/tweets/new"):
  actionpack (3.2.8) lib/action_dispatch/middleware/debug_exceptions.rb:21:in `call'
  actionpack (3.2.8) lib/action_dispatch/middleware/show_exceptions.rb:56:in `call'
  railties (3.2.8) lib/rails/rack/logger.rb:26:in `call_app'
  railties (3.2.8) lib/rails/rack/logger.rb:16:in `call'
  actionpack (3.2.8) lib/action_dispatch/middleware/request_id.rb:22:in `call'
  rack (1.4.1) lib/rack/methodoverride.rb:21:in `call'
  rack (1.4.1) lib/rack/runtime.rb:17:in `call'
  activesupport (3.2.8) lib/active_support/cache/strategy/local_cache.rb:72:in `call'
  rack (1.4.1) lib/rack/lock.rb:15:in `call'
  actionpack (3.2.8) lib/action_dispatch/middleware/static.rb:62:in `call'
  railties (3.2.8) lib/rails/engine.rb:479:in `call'
  railties (3.2.8) lib/rails/application.rb:223:in `call'
  rack (1.4.1) lib/rack/content_length.rb:14:in `call'
  railties (3.2.8) lib/rails/rack/log_tailer.rb:17:in `call'
  rack (1.4.1) lib/rack/handler/webrick.rb:59:in `service'
  /Users/vishal/.rvm/rubies/ruby-1.9.3-p194/lib/ruby/1.9.1/webrick/httpserver.rb:138:in `service'
  /Users/vishal/.rvm/rubies/ruby-1.9.3-p194/lib/ruby/1.9.1/webrick/httpserver.rb:94:in `run'
  /Users/vishal/.rvm/rubies/ruby-1.9.3-p194/lib/ruby/1.9.1/webrick/server.rb:191:in `block in start_thread'


  Rendered /Users/vishal/.rvm/gems/ruby-1.9.3-p194/gems/actionpack-3.2.8/lib/action_dispatch/middleware/templates/rescues/routing_error.erb within rescues/layout (0.7ms)


Started GET "/tweets/new" for 127.0.0.1 at 2012-09-08 22:59:43 -0700

ActionController::RoutingError (No route matches [GET] "/tweets/new"):
  actionpack (3.2.8) lib/action_dispatch/middleware/debug_exceptions.rb:21:in `call'
  actionpack (3.2.8) lib/action_dispatch/middleware/show_exceptions.rb:56:in `call'
  railties (3.2.8) lib/rails/rack/logger.rb:26:in `call_app'
  railties (3.2.8) lib/rails/rack/logger.rb:16:in `call'
  actionpack (3.2.8) lib/action_dispatch/middleware/request_id.rb:22:in `call'
  rack (1.4.1) lib/rack/methodoverride.rb:21:in `call'
  rack (1.4.1) lib/rack/runtime.rb:17:in `call'
  activesupport (3.2.8) lib/active_support/cache/strategy/local_cache.rb:72:in `call'
  rack (1.4.1) lib/rack/lock.rb:15:in `call'
  actionpack (3.2.8) lib/action_dispatch/middleware/static.rb:62:in `call'
  railties (3.2.8) lib/rails/engine.rb:479:in `call'
  railties (3.2.8) lib/rails/application.rb:223:in `call'
  rack (1.4.1) lib/rack/content_length.rb:14:in `call'
  railties (3.2.8) lib/rails/rack/log_tailer.rb:17:in `call'
  rack (1.4.1) lib/rack/handler/webrick.rb:59:in `service'
  /Users/vishal/.rvm/rubies/ruby-1.9.3-p194/lib/ruby/1.9.1/webrick/httpserver.rb:138:in `service'
  /Users/vishal/.rvm/rubies/ruby-1.9.3-p194/lib/ruby/1.9.1/webrick/httpserver.rb:94:in `run'
  /Users/vishal/.rvm/rubies/ruby-1.9.3-p194/lib/ruby/1.9.1/webrick/server.rb:191:in `block in start_thread'


  Rendered /Users/vishal/.rvm/gems/ruby-1.9.3-p194/gems/actionpack-3.2.8/lib/action_dispatch/middleware/templates/rescues/routing_error.erb within rescues/layout (0.7ms)


Started GET "/" for 127.0.0.1 at 2012-09-08 22:59:47 -0700
Processing by ZombiesController#index as HTML
  [1m[35mZombie Load (0.2ms)[0m  SELECT `zombies`.* FROM `zombies` 
  Rendered zombies/index.html.erb within layouts/application (1.3ms)
Completed 200 OK in 16ms (Views: 9.5ms | ActiveRecord: 3.5ms)


Started GET "/assets/tweets.css?body=1" for 127.0.0.1 at 2012-09-08 22:59:47 -0700
Served asset /tweets.css - 304 Not Modified (0ms)


Started GET "/assets/application.css?body=1" for 127.0.0.1 at 2012-09-08 22:59:47 -0700
Served asset /application.css - 304 Not Modified (0ms)


Started GET "/assets/scaffolds.css?body=1" for 127.0.0.1 at 2012-09-08 22:59:47 -0700
Served asset /scaffolds.css - 304 Not Modified (0ms)


Started GET "/assets/zombies.css?body=1" for 127.0.0.1 at 2012-09-08 22:59:47 -0700
Served asset /zombies.css - 304 Not Modified (0ms)


Started GET "/assets/jquery_ujs.js?body=1" for 127.0.0.1 at 2012-09-08 22:59:47 -0700
Served asset /jquery_ujs.js - 304 Not Modified (0ms)


Started GET "/assets/zombies.js?body=1" for 127.0.0.1 at 2012-09-08 22:59:47 -0700
Served asset /zombies.js - 304 Not Modified (0ms)


Started GET "/assets/tweets.js?body=1" for 127.0.0.1 at 2012-09-08 22:59:47 -0700
Served asset /tweets.js - 304 Not Modified (0ms)


Started GET "/assets/application.js?body=1" for 127.0.0.1 at 2012-09-08 22:59:47 -0700
Served asset /application.js - 304 Not Modified (0ms)


Started GET "/assets/jquery.js?body=1" for 127.0.0.1 at 2012-09-08 22:59:47 -0700
Served asset /jquery.js - 304 Not Modified (0ms)


Started GET "/zombies/new" for 127.0.0.1 at 2012-09-08 22:59:49 -0700
Processing by ZombiesController#new as HTML
  Rendered zombies/_form.html.erb (50.1ms)
  Rendered zombies/new.html.erb within layouts/application (65.4ms)
Completed 200 OK in 94ms (Views: 86.8ms | ActiveRecord: 0.0ms)


Started GET "/assets/application.css?body=1" for 127.0.0.1 at 2012-09-08 22:59:49 -0700
Served asset /application.css - 304 Not Modified (0ms)


Started GET "/assets/tweets.css?body=1" for 127.0.0.1 at 2012-09-08 22:59:49 -0700
Served asset /tweets.css - 304 Not Modified (0ms)


Started GET "/assets/zombies.css?body=1" for 127.0.0.1 at 2012-09-08 22:59:49 -0700
Served asset /zombies.css - 304 Not Modified (0ms)


Started GET "/assets/scaffolds.css?body=1" for 127.0.0.1 at 2012-09-08 22:59:49 -0700
Served asset /scaffolds.css - 304 Not Modified (0ms)


Started GET "/assets/application.js?body=1" for 127.0.0.1 at 2012-09-08 22:59:49 -0700
Served asset /application.js - 304 Not Modified (1ms)


Started GET "/assets/jquery.js?body=1" for 127.0.0.1 at 2012-09-08 22:59:49 -0700
Served asset /jquery.js - 304 Not Modified (0ms)


Started GET "/assets/zombies.js?body=1" for 127.0.0.1 at 2012-09-08 22:59:49 -0700
Served asset /zombies.js - 304 Not Modified (0ms)


Started GET "/assets/jquery_ujs.js?body=1" for 127.0.0.1 at 2012-09-08 22:59:49 -0700
Served asset /jquery_ujs.js - 304 Not Modified (0ms)


Started GET "/assets/tweets.js?body=1" for 127.0.0.1 at 2012-09-08 22:59:49 -0700
Served asset /tweets.js - 304 Not Modified (0ms)


Started POST "/zombies" for 127.0.0.1 at 2012-09-08 23:00:27 -0700
Processing by ZombiesController#create as HTML
  Parameters: {"utf8"=>"✓", "authenticity_token"=>"dgvy80MsRlqlRSEu3EYc4kRo4hESyvdz8ZqYEFUF/G0=", "zombie"=>{"name"=>"Ash", "graveyard"=>"Glen Haven Memorial Cemetery"}, "commit"=>"Create Zombie"}
  [1m[36m (0.1ms)[0m  [1mBEGIN[0m
  [1m[35mSQL (0.9ms)[0m  INSERT INTO `zombies` (`created_at`, `graveyard`, `name`, `updated_at`) VALUES ('2012-09-09 06:00:27', 'Glen Haven Memorial Cemetery', 'Ash', '2012-09-09 06:00:27')
  [1m[36m (65.1ms)[0m  [1mCOMMIT[0m
Redirected to http://localhost:3000/zombies/1
Completed 302 Found in 79ms (ActiveRecord: 66.2ms)


Started GET "/zombies/1" for 127.0.0.1 at 2012-09-08 23:00:27 -0700
Processing by ZombiesController#show as HTML
  Parameters: {"id"=>"1"}
  [1m[35mZombie Load (0.4ms)[0m  SELECT `zombies`.* FROM `zombies` WHERE `zombies`.`id` = 1 LIMIT 1
  Rendered zombies/show.html.erb within layouts/application (1.4ms)
Completed 200 OK in 11ms (Views: 8.4ms | ActiveRecord: 0.4ms)


Started GET "/assets/application.css?body=1" for 127.0.0.1 at 2012-09-08 23:00:27 -0700
Served asset /application.css - 304 Not Modified (0ms)


Started GET "/assets/tweets.css?body=1" for 127.0.0.1 at 2012-09-08 23:00:27 -0700
Served asset /tweets.css - 304 Not Modified (0ms)


Started GET "/assets/scaffolds.css?body=1" for 127.0.0.1 at 2012-09-08 23:00:27 -0700
Served asset /scaffolds.css - 304 Not Modified (0ms)


Started GET "/assets/zombies.css?body=1" for 127.0.0.1 at 2012-09-08 23:00:27 -0700
Served asset /zombies.css - 304 Not Modified (0ms)


Started GET "/assets/jquery.js?body=1" for 127.0.0.1 at 2012-09-08 23:00:27 -0700
Served asset /jquery.js - 304 Not Modified (0ms)


Started GET "/assets/jquery_ujs.js?body=1" for 127.0.0.1 at 2012-09-08 23:00:27 -0700
Served asset /jquery_ujs.js - 304 Not Modified (0ms)


Started GET "/assets/tweets.js?body=1" for 127.0.0.1 at 2012-09-08 23:00:27 -0700
Served asset /tweets.js - 304 Not Modified (0ms)


Started GET "/assets/zombies.js?body=1" for 127.0.0.1 at 2012-09-08 23:00:27 -0700
Served asset /zombies.js - 304 Not Modified (0ms)


Started GET "/assets/application.js?body=1" for 127.0.0.1 at 2012-09-08 23:00:27 -0700
Served asset /application.js - 304 Not Modified (0ms)


Started GET "/zombies" for 127.0.0.1 at 2012-09-08 23:00:28 -0700
Processing by ZombiesController#index as HTML
  [1m[36mZombie Load (0.4ms)[0m  [1mSELECT `zombies`.* FROM `zombies` [0m
  Rendered zombies/index.html.erb within layouts/application (1.3ms)
Completed 200 OK in 9ms (Views: 7.6ms | ActiveRecord: 0.4ms)


Started GET "/assets/application.css?body=1" for 127.0.0.1 at 2012-09-08 23:00:29 -0700
Served asset /application.css - 304 Not Modified (0ms)


Started GET "/assets/zombies.css?body=1" for 127.0.0.1 at 2012-09-08 23:00:29 -0700
Served asset /zombies.css - 304 Not Modified (0ms)


Started GET "/assets/scaffolds.css?body=1" for 127.0.0.1 at 2012-09-08 23:00:29 -0700
Served asset /scaffolds.css - 304 Not Modified (0ms)


Started GET "/assets/jquery_ujs.js?body=1" for 127.0.0.1 at 2012-09-08 23:00:29 -0700
Served asset /jquery_ujs.js - 304 Not Modified (1ms)


Started GET "/assets/zombies.js?body=1" for 127.0.0.1 at 2012-09-08 23:00:29 -0700
Served asset /zombies.js - 304 Not Modified (0ms)


Started GET "/assets/tweets.js?body=1" for 127.0.0.1 at 2012-09-08 23:00:29 -0700
Served asset /tweets.js - 304 Not Modified (0ms)


Started GET "/assets/jquery.js?body=1" for 127.0.0.1 at 2012-09-08 23:00:29 -0700
Served asset /jquery.js - 304 Not Modified (0ms)


Started GET "/assets/tweets.css?body=1" for 127.0.0.1 at 2012-09-08 23:00:29 -0700
Served asset /tweets.css - 304 Not Modified (0ms)


Started GET "/assets/application.js?body=1" for 127.0.0.1 at 2012-09-08 23:00:29 -0700
Served asset /application.js - 304 Not Modified (0ms)


Started GET "/zombies/new" for 127.0.0.1 at 2012-09-08 23:00:30 -0700
Processing by ZombiesController#new as HTML
  Rendered zombies/_form.html.erb (2.9ms)
  Rendered zombies/new.html.erb within layouts/application (4.0ms)
Completed 200 OK in 11ms (Views: 10.4ms | ActiveRecord: 0.0ms)


Started GET "/assets/application.css?body=1" for 127.0.0.1 at 2012-09-08 23:00:30 -0700
Served asset /application.css - 304 Not Modified (0ms)


Started GET "/assets/scaffolds.css?body=1" for 127.0.0.1 at 2012-09-08 23:00:30 -0700
Served asset /scaffolds.css - 304 Not Modified (0ms)


Started GET "/assets/jquery_ujs.js?body=1" for 127.0.0.1 at 2012-09-08 23:00:30 -0700
Served asset /jquery_ujs.js - 304 Not Modified (0ms)


Started GET "/assets/tweets.css?body=1" for 127.0.0.1 at 2012-09-08 23:00:30 -0700
Served asset /tweets.css - 304 Not Modified (0ms)


Started GET "/assets/jquery.js?body=1" for 127.0.0.1 at 2012-09-08 23:00:30 -0700
Served asset /jquery.js - 304 Not Modified (0ms)


Started GET "/assets/zombies.css?body=1" for 127.0.0.1 at 2012-09-08 23:00:30 -0700
Served asset /zombies.css - 304 Not Modified (0ms)


Started GET "/assets/tweets.js?body=1" for 127.0.0.1 at 2012-09-08 23:00:30 -0700
Served asset /tweets.js - 304 Not Modified (0ms)


Started GET "/assets/zombies.js?body=1" for 127.0.0.1 at 2012-09-08 23:00:30 -0700
Served asset /zombies.js - 304 Not Modified (0ms)


Started GET "/assets/application.js?body=1" for 127.0.0.1 at 2012-09-08 23:00:30 -0700
Served asset /application.js - 304 Not Modified (2ms)


Started POST "/zombies" for 127.0.0.1 at 2012-09-08 23:00:38 -0700
Processing by ZombiesController#create as HTML
  Parameters: {"utf8"=>"✓", "authenticity_token"=>"dgvy80MsRlqlRSEu3EYc4kRo4hESyvdz8ZqYEFUF/G0=", "zombie"=>{"name"=>"Bob", "graveyard"=>"Chapel Hill Cemetery"}, "commit"=>"Create Zombie"}
  [1m[35m (0.6ms)[0m  BEGIN
  [1m[36mSQL (0.8ms)[0m  [1mINSERT INTO `zombies` (`created_at`, `graveyard`, `name`, `updated_at`) VALUES ('2012-09-09 06:00:38', 'Chapel Hill Cemetery', 'Bob', '2012-09-09 06:00:38')[0m
  [1m[35m (0.7ms)[0m  COMMIT
Redirected to http://localhost:3000/zombies/2
Completed 302 Found in 5ms (ActiveRecord: 2.2ms)


Started GET "/zombies/2" for 127.0.0.1 at 2012-09-08 23:00:38 -0700
Processing by ZombiesController#show as HTML
  Parameters: {"id"=>"2"}
  [1m[36mZombie Load (0.3ms)[0m  [1mSELECT `zombies`.* FROM `zombies` WHERE `zombies`.`id` = 2 LIMIT 1[0m
  Rendered zombies/show.html.erb within layouts/application (0.7ms)
Completed 200 OK in 9ms (Views: 7.2ms | ActiveRecord: 0.3ms)


Started GET "/assets/application.css?body=1" for 127.0.0.1 at 2012-09-08 23:00:38 -0700
Served asset /application.css - 304 Not Modified (0ms)


Started GET "/assets/scaffolds.css?body=1" for 127.0.0.1 at 2012-09-08 23:00:38 -0700
Served asset /scaffolds.css - 304 Not Modified (0ms)


Started GET "/assets/tweets.css?body=1" for 127.0.0.1 at 2012-09-08 23:00:38 -0700
Served asset /tweets.css - 304 Not Modified (0ms)


Started GET "/assets/jquery.js?body=1" for 127.0.0.1 at 2012-09-08 23:00:38 -0700
Served asset /jquery.js - 304 Not Modified (0ms)


Started GET "/assets/zombies.css?body=1" for 127.0.0.1 at 2012-09-08 23:00:38 -0700
Served asset /zombies.css - 304 Not Modified (0ms)


Started GET "/assets/jquery_ujs.js?body=1" for 127.0.0.1 at 2012-09-08 23:00:38 -0700
Served asset /jquery_ujs.js - 304 Not Modified (0ms)


Started GET "/assets/tweets.js?body=1" for 127.0.0.1 at 2012-09-08 23:00:38 -0700
Served asset /tweets.js - 304 Not Modified (0ms)


Started GET "/assets/zombies.js?body=1" for 127.0.0.1 at 2012-09-08 23:00:38 -0700
Served asset /zombies.js - 304 Not Modified (0ms)


Started GET "/assets/application.js?body=1" for 127.0.0.1 at 2012-09-08 23:00:38 -0700
Served asset /application.js - 304 Not Modified (0ms)


Started GET "/zombies" for 127.0.0.1 at 2012-09-08 23:00:42 -0700
Processing by ZombiesController#index as HTML
  [1m[35mZombie Load (0.3ms)[0m  SELECT `zombies`.* FROM `zombies` 
  Rendered zombies/index.html.erb within layouts/application (2.2ms)
Completed 200 OK in 10ms (Views: 8.5ms | ActiveRecord: 0.3ms)


Started GET "/assets/scaffolds.css?body=1" for 127.0.0.1 at 2012-09-08 23:00:43 -0700
Served asset /scaffolds.css - 304 Not Modified (0ms)


Started GET "/assets/tweets.css?body=1" for 127.0.0.1 at 2012-09-08 23:00:43 -0700
Served asset /tweets.css - 304 Not Modified (0ms)


Started GET "/assets/zombies.css?body=1" for 127.0.0.1 at 2012-09-08 23:00:43 -0700
Served asset /zombies.css - 304 Not Modified (0ms)


Started GET "/assets/application.css?body=1" for 127.0.0.1 at 2012-09-08 23:00:43 -0700
Served asset /application.css - 304 Not Modified (0ms)


Started GET "/assets/jquery.js?body=1" for 127.0.0.1 at 2012-09-08 23:00:43 -0700
Served asset /jquery.js - 304 Not Modified (0ms)


Started GET "/assets/jquery_ujs.js?body=1" for 127.0.0.1 at 2012-09-08 23:00:43 -0700
Served asset /jquery_ujs.js - 304 Not Modified (0ms)


Started GET "/assets/tweets.js?body=1" for 127.0.0.1 at 2012-09-08 23:00:43 -0700
Served asset /tweets.js - 304 Not Modified (0ms)


Started GET "/assets/zombies.js?body=1" for 127.0.0.1 at 2012-09-08 23:00:43 -0700
Served asset /zombies.js - 304 Not Modified (0ms)


Started GET "/assets/application.js?body=1" for 127.0.0.1 at 2012-09-08 23:00:43 -0700
Served asset /application.js - 304 Not Modified (0ms)


Started GET "/zombies/new" for 127.0.0.1 at 2012-09-08 23:00:44 -0700
Processing by ZombiesController#new as HTML
  Rendered zombies/_form.html.erb (2.4ms)
  Rendered zombies/new.html.erb within layouts/application (3.4ms)
Completed 200 OK in 10ms (Views: 9.5ms | ActiveRecord: 0.0ms)


Started GET "/assets/application.css?body=1" for 127.0.0.1 at 2012-09-08 23:00:44 -0700
Served asset /application.css - 304 Not Modified (0ms)


Started GET "/assets/scaffolds.css?body=1" for 127.0.0.1 at 2012-09-08 23:00:44 -0700
Served asset /scaffolds.css - 304 Not Modified (0ms)


Started GET "/assets/zombies.css?body=1" for 127.0.0.1 at 2012-09-08 23:00:44 -0700
Served asset /zombies.css - 304 Not Modified (0ms)


Started GET "/assets/tweets.css?body=1" for 127.0.0.1 at 2012-09-08 23:00:44 -0700
Served asset /tweets.css - 304 Not Modified (0ms)


Started GET "/assets/jquery.js?body=1" for 127.0.0.1 at 2012-09-08 23:00:44 -0700
Served asset /jquery.js - 304 Not Modified (0ms)


Started GET "/assets/jquery_ujs.js?body=1" for 127.0.0.1 at 2012-09-08 23:00:44 -0700
Served asset /jquery_ujs.js - 304 Not Modified (0ms)


Started GET "/assets/tweets.js?body=1" for 127.0.0.1 at 2012-09-08 23:00:44 -0700
Served asset /tweets.js - 304 Not Modified (0ms)


Started GET "/assets/zombies.js?body=1" for 127.0.0.1 at 2012-09-08 23:00:44 -0700
Served asset /zombies.js - 304 Not Modified (0ms)


Started GET "/assets/application.js?body=1" for 127.0.0.1 at 2012-09-08 23:00:44 -0700
Served asset /application.js - 304 Not Modified (0ms)


Started POST "/zombies" for 127.0.0.1 at 2012-09-08 23:00:48 -0700
Processing by ZombiesController#create as HTML
  Parameters: {"utf8"=>"✓", "authenticity_token"=>"dgvy80MsRlqlRSEu3EYc4kRo4hESyvdz8ZqYEFUF/G0=", "zombie"=>{"name"=>"Bob", "graveyard"=>"My Father’s Basement"}, "commit"=>"Create Zombie"}
  [1m[36m (0.1ms)[0m  [1mBEGIN[0m
  [1m[35mSQL (0.7ms)[0m  INSERT INTO `zombies` (`created_at`, `graveyard`, `name`, `updated_at`) VALUES ('2012-09-09 06:00:48', 'My Father’s Basement', 'Bob', '2012-09-09 06:00:48')
  [1m[36m (0.3ms)[0m  [1mCOMMIT[0m
Redirected to http://localhost:3000/zombies/3
Completed 302 Found in 3ms (ActiveRecord: 1.2ms)


Started GET "/zombies/3" for 127.0.0.1 at 2012-09-08 23:00:48 -0700
Processing by ZombiesController#show as HTML
  Parameters: {"id"=>"3"}
  [1m[35mZombie Load (0.4ms)[0m  SELECT `zombies`.* FROM `zombies` WHERE `zombies`.`id` = 3 LIMIT 1
  Rendered zombies/show.html.erb within layouts/application (0.7ms)
Completed 200 OK in 8ms (Views: 7.1ms | ActiveRecord: 0.4ms)


Started GET "/assets/application.css?body=1" for 127.0.0.1 at 2012-09-08 23:00:48 -0700
Served asset /application.css - 304 Not Modified (0ms)


Started GET "/assets/scaffolds.css?body=1" for 127.0.0.1 at 2012-09-08 23:00:48 -0700
Served asset /scaffolds.css - 304 Not Modified (0ms)


Started GET "/assets/tweets.css?body=1" for 127.0.0.1 at 2012-09-08 23:00:48 -0700
Served asset /tweets.css - 304 Not Modified (0ms)


Started GET "/assets/zombies.css?body=1" for 127.0.0.1 at 2012-09-08 23:00:48 -0700
Served asset /zombies.css - 304 Not Modified (0ms)


Started GET "/assets/jquery.js?body=1" for 127.0.0.1 at 2012-09-08 23:00:48 -0700
Served asset /jquery.js - 304 Not Modified (0ms)


Started GET "/assets/jquery_ujs.js?body=1" for 127.0.0.1 at 2012-09-08 23:00:48 -0700
Served asset /jquery_ujs.js - 304 Not Modified (0ms)


Started GET "/assets/tweets.js?body=1" for 127.0.0.1 at 2012-09-08 23:00:48 -0700
Served asset /tweets.js - 304 Not Modified (0ms)


Started GET "/assets/application.js?body=1" for 127.0.0.1 at 2012-09-08 23:00:48 -0700
Served asset /application.js - 304 Not Modified (0ms)


Started GET "/assets/zombies.js?body=1" for 127.0.0.1 at 2012-09-08 23:00:48 -0700
Served asset /zombies.js - 304 Not Modified (0ms)


Started GET "/zombies" for 127.0.0.1 at 2012-09-08 23:00:50 -0700
Processing by ZombiesController#index as HTML
  [1m[36mZombie Load (0.3ms)[0m  [1mSELECT `zombies`.* FROM `zombies` [0m
  Rendered zombies/index.html.erb within layouts/application (25.1ms)
Completed 200 OK in 33ms (Views: 31.9ms | ActiveRecord: 0.3ms)


Started GET "/assets/application.css?body=1" for 127.0.0.1 at 2012-09-08 23:00:50 -0700
Served asset /application.css - 304 Not Modified (0ms)


Started GET "/assets/scaffolds.css?body=1" for 127.0.0.1 at 2012-09-08 23:00:50 -0700
Served asset /scaffolds.css - 304 Not Modified (0ms)


Started GET "/assets/zombies.css?body=1" for 127.0.0.1 at 2012-09-08 23:00:50 -0700
Served asset /zombies.css - 304 Not Modified (0ms)


Started GET "/assets/tweets.css?body=1" for 127.0.0.1 at 2012-09-08 23:00:50 -0700
Served asset /tweets.css - 304 Not Modified (0ms)


Started GET "/assets/jquery.js?body=1" for 127.0.0.1 at 2012-09-08 23:00:50 -0700
Served asset /jquery.js - 304 Not Modified (0ms)


Started GET "/assets/tweets.js?body=1" for 127.0.0.1 at 2012-09-08 23:00:50 -0700
Served asset /tweets.js - 304 Not Modified (0ms)


Started GET "/assets/jquery_ujs.js?body=1" for 127.0.0.1 at 2012-09-08 23:00:50 -0700
Served asset /jquery_ujs.js - 304 Not Modified (0ms)


Started GET "/assets/zombies.js?body=1" for 127.0.0.1 at 2012-09-08 23:00:50 -0700
Served asset /zombies.js - 304 Not Modified (0ms)


Started GET "/assets/application.js?body=1" for 127.0.0.1 at 2012-09-08 23:00:50 -0700
Served asset /application.js - 304 Not Modified (0ms)


Started GET "/topics" for 127.0.0.1 at 2012-09-08 23:00:52 -0700

ActionController::RoutingError (No route matches [GET] "/topics"):
  actionpack (3.2.8) lib/action_dispatch/middleware/debug_exceptions.rb:21:in `call'
  actionpack (3.2.8) lib/action_dispatch/middleware/show_exceptions.rb:56:in `call'
  railties (3.2.8) lib/rails/rack/logger.rb:26:in `call_app'
  railties (3.2.8) lib/rails/rack/logger.rb:16:in `call'
  actionpack (3.2.8) lib/action_dispatch/middleware/request_id.rb:22:in `call'
  rack (1.4.1) lib/rack/methodoverride.rb:21:in `call'
  rack (1.4.1) lib/rack/runtime.rb:17:in `call'
  activesupport (3.2.8) lib/active_support/cache/strategy/local_cache.rb:72:in `call'
  rack (1.4.1) lib/rack/lock.rb:15:in `call'
  actionpack (3.2.8) lib/action_dispatch/middleware/static.rb:62:in `call'
  railties (3.2.8) lib/rails/engine.rb:479:in `call'
  railties (3.2.8) lib/rails/application.rb:223:in `call'
  rack (1.4.1) lib/rack/content_length.rb:14:in `call'
  railties (3.2.8) lib/rails/rack/log_tailer.rb:17:in `call'
  rack (1.4.1) lib/rack/handler/webrick.rb:59:in `service'
  /Users/vishal/.rvm/rubies/ruby-1.9.3-p194/lib/ruby/1.9.1/webrick/httpserver.rb:138:in `service'
  /Users/vishal/.rvm/rubies/ruby-1.9.3-p194/lib/ruby/1.9.1/webrick/httpserver.rb:94:in `run'
  /Users/vishal/.rvm/rubies/ruby-1.9.3-p194/lib/ruby/1.9.1/webrick/server.rb:191:in `block in start_thread'


  Rendered /Users/vishal/.rvm/gems/ruby-1.9.3-p194/gems/actionpack-3.2.8/lib/action_dispatch/middleware/templates/rescues/routing_error.erb within rescues/layout (2.0ms)


Started GET "/tweets" for 127.0.0.1 at 2012-09-08 23:00:53 -0700

ActionController::RoutingError (No route matches [GET] "/tweets"):
  actionpack (3.2.8) lib/action_dispatch/middleware/debug_exceptions.rb:21:in `call'
  actionpack (3.2.8) lib/action_dispatch/middleware/show_exceptions.rb:56:in `call'
  railties (3.2.8) lib/rails/rack/logger.rb:26:in `call_app'
  railties (3.2.8) lib/rails/rack/logger.rb:16:in `call'
  actionpack (3.2.8) lib/action_dispatch/middleware/request_id.rb:22:in `call'
  rack (1.4.1) lib/rack/methodoverride.rb:21:in `call'
  rack (1.4.1) lib/rack/runtime.rb:17:in `call'
  activesupport (3.2.8) lib/active_support/cache/strategy/local_cache.rb:72:in `call'
  rack (1.4.1) lib/rack/lock.rb:15:in `call'
  actionpack (3.2.8) lib/action_dispatch/middleware/static.rb:62:in `call'
  railties (3.2.8) lib/rails/engine.rb:479:in `call'
  railties (3.2.8) lib/rails/application.rb:223:in `call'
  rack (1.4.1) lib/rack/content_length.rb:14:in `call'
  railties (3.2.8) lib/rails/rack/log_tailer.rb:17:in `call'
  rack (1.4.1) lib/rack/handler/webrick.rb:59:in `service'
  /Users/vishal/.rvm/rubies/ruby-1.9.3-p194/lib/ruby/1.9.1/webrick/httpserver.rb:138:in `service'
  /Users/vishal/.rvm/rubies/ruby-1.9.3-p194/lib/ruby/1.9.1/webrick/httpserver.rb:94:in `run'
  /Users/vishal/.rvm/rubies/ruby-1.9.3-p194/lib/ruby/1.9.1/webrick/server.rb:191:in `block in start_thread'


  Rendered /Users/vishal/.rvm/gems/ruby-1.9.3-p194/gems/actionpack-3.2.8/lib/action_dispatch/middleware/templates/rescues/routing_error.erb within rescues/layout (1.2ms)


Started GET "/tweets" for 127.0.0.1 at 2012-09-08 23:00:59 -0700

ActionController::RoutingError (No route matches [GET] "/tweets"):
  actionpack (3.2.8) lib/action_dispatch/middleware/debug_exceptions.rb:21:in `call'
  actionpack (3.2.8) lib/action_dispatch/middleware/show_exceptions.rb:56:in `call'
  railties (3.2.8) lib/rails/rack/logger.rb:26:in `call_app'
  railties (3.2.8) lib/rails/rack/logger.rb:16:in `call'
  actionpack (3.2.8) lib/action_dispatch/middleware/request_id.rb:22:in `call'
  rack (1.4.1) lib/rack/methodoverride.rb:21:in `call'
  rack (1.4.1) lib/rack/runtime.rb:17:in `call'
  activesupport (3.2.8) lib/active_support/cache/strategy/local_cache.rb:72:in `call'
  rack (1.4.1) lib/rack/lock.rb:15:in `call'
  actionpack (3.2.8) lib/action_dispatch/middleware/static.rb:62:in `call'
  railties (3.2.8) lib/rails/engine.rb:479:in `call'
  railties (3.2.8) lib/rails/application.rb:223:in `call'
  rack (1.4.1) lib/rack/content_length.rb:14:in `call'
  railties (3.2.8) lib/rails/rack/log_tailer.rb:17:in `call'
  rack (1.4.1) lib/rack/handler/webrick.rb:59:in `service'
  /Users/vishal/.rvm/rubies/ruby-1.9.3-p194/lib/ruby/1.9.1/webrick/httpserver.rb:138:in `service'
  /Users/vishal/.rvm/rubies/ruby-1.9.3-p194/lib/ruby/1.9.1/webrick/httpserver.rb:94:in `run'
  /Users/vishal/.rvm/rubies/ruby-1.9.3-p194/lib/ruby/1.9.1/webrick/server.rb:191:in `block in start_thread'


  Rendered /Users/vishal/.rvm/gems/ruby-1.9.3-p194/gems/actionpack-3.2.8/lib/action_dispatch/middleware/templates/rescues/routing_error.erb within rescues/layout (0.7ms)


Started GET "/zombies" for 127.0.0.1 at 2012-09-08 23:01:35 -0700
Processing by ZombiesController#index as HTML
  [1m[35mZombie Load (0.3ms)[0m  SELECT `zombies`.* FROM `zombies` 
  Rendered zombies/index.html.erb within layouts/application (3.3ms)
Completed 200 OK in 11ms (Views: 10.0ms | ActiveRecord: 0.3ms)


Started GET "/assets/application.css?body=1" for 127.0.0.1 at 2012-09-08 23:01:35 -0700
Served asset /application.css - 304 Not Modified (0ms)


Started GET "/assets/scaffolds.css?body=1" for 127.0.0.1 at 2012-09-08 23:01:35 -0700
Served asset /scaffolds.css - 304 Not Modified (0ms)


Started GET "/assets/tweets.css?body=1" for 127.0.0.1 at 2012-09-08 23:01:35 -0700
Served asset /tweets.css - 304 Not Modified (0ms)


Started GET "/assets/zombies.css?body=1" for 127.0.0.1 at 2012-09-08 23:01:35 -0700
Served asset /zombies.css - 304 Not Modified (0ms)


Started GET "/assets/jquery.js?body=1" for 127.0.0.1 at 2012-09-08 23:01:35 -0700
Served asset /jquery.js - 304 Not Modified (0ms)


Started GET "/assets/zombies.js?body=1" for 127.0.0.1 at 2012-09-08 23:01:35 -0700
Served asset /zombies.js - 304 Not Modified (0ms)


Started GET "/assets/jquery_ujs.js?body=1" for 127.0.0.1 at 2012-09-08 23:01:35 -0700
Served asset /jquery_ujs.js - 304 Not Modified (0ms)


Started GET "/assets/tweets.js?body=1" for 127.0.0.1 at 2012-09-08 23:01:35 -0700
Served asset /tweets.js - 304 Not Modified (0ms)


Started GET "/assets/application.js?body=1" for 127.0.0.1 at 2012-09-08 23:01:35 -0700
Served asset /application.js - 304 Not Modified (0ms)


Started GET "/zombies/1/tweets" for 127.0.0.1 at 2012-09-08 23:02:19 -0700
Processing by TweetsController#index as HTML
  Parameters: {"zombie_id"=>"1"}
  [1m[36mTweet Load (0.2ms)[0m  [1mSELECT `tweets`.* FROM `tweets` [0m
  Rendered tweets/index.html.erb within layouts/application (0.5ms)
Completed 200 OK in 13ms (Views: 7.6ms | ActiveRecord: 2.5ms)


Started GET "/assets/scaffolds.css?body=1" for 127.0.0.1 at 2012-09-08 23:02:19 -0700
Served asset /scaffolds.css - 304 Not Modified (0ms)


Started GET "/assets/tweets.css?body=1" for 127.0.0.1 at 2012-09-08 23:02:19 -0700
Served asset /tweets.css - 304 Not Modified (0ms)


Started GET "/assets/jquery.js?body=1" for 127.0.0.1 at 2012-09-08 23:02:19 -0700
Served asset /jquery.js - 304 Not Modified (0ms)


Started GET "/assets/zombies.css?body=1" for 127.0.0.1 at 2012-09-08 23:02:19 -0700
Served asset /zombies.css - 304 Not Modified (0ms)


Started GET "/assets/jquery_ujs.js?body=1" for 127.0.0.1 at 2012-09-08 23:02:19 -0700
Served asset /jquery_ujs.js - 304 Not Modified (0ms)


Started GET "/assets/zombies.js?body=1" for 127.0.0.1 at 2012-09-08 23:02:19 -0700
Served asset /zombies.js - 304 Not Modified (0ms)


Started GET "/assets/tweets.js?body=1" for 127.0.0.1 at 2012-09-08 23:02:19 -0700
Served asset /tweets.js - 304 Not Modified (0ms)


Started GET "/assets/application.css?body=1" for 127.0.0.1 at 2012-09-08 23:02:19 -0700
Served asset /application.css - 304 Not Modified (0ms)


Started GET "/assets/application.js?body=1" for 127.0.0.1 at 2012-09-08 23:02:19 -0700
Served asset /application.js - 304 Not Modified (0ms)


Started GET "/zombies/1" for 127.0.0.1 at 2012-09-08 23:02:25 -0700
Processing by ZombiesController#show as HTML
  Parameters: {"id"=>"1"}
  [1m[35mZombie Load (0.3ms)[0m  SELECT `zombies`.* FROM `zombies` WHERE `zombies`.`id` = 1 LIMIT 1
  Rendered zombies/show.html.erb within layouts/application (0.8ms)
Completed 200 OK in 9ms (Views: 7.2ms | ActiveRecord: 0.3ms)


Started GET "/assets/scaffolds.css?body=1" for 127.0.0.1 at 2012-09-08 23:02:25 -0700
Served asset /scaffolds.css - 304 Not Modified (0ms)


Started GET "/assets/zombies.css?body=1" for 127.0.0.1 at 2012-09-08 23:02:25 -0700
Served asset /zombies.css - 304 Not Modified (0ms)


Started GET "/assets/jquery.js?body=1" for 127.0.0.1 at 2012-09-08 23:02:25 -0700
Served asset /jquery.js - 304 Not Modified (0ms)


Started GET "/assets/jquery_ujs.js?body=1" for 127.0.0.1 at 2012-09-08 23:02:25 -0700
Served asset /jquery_ujs.js - 304 Not Modified (0ms)


Started GET "/assets/tweets.css?body=1" for 127.0.0.1 at 2012-09-08 23:02:25 -0700
Served asset /tweets.css - 304 Not Modified (0ms)


Started GET "/assets/application.css?body=1" for 127.0.0.1 at 2012-09-08 23:02:25 -0700
Served asset /application.css - 304 Not Modified (0ms)


Started GET "/assets/tweets.js?body=1" for 127.0.0.1 at 2012-09-08 23:02:25 -0700
Served asset /tweets.js - 304 Not Modified (0ms)


Started GET "/assets/zombies.js?body=1" for 127.0.0.1 at 2012-09-08 23:02:25 -0700
Served asset /zombies.js - 304 Not Modified (0ms)


Started GET "/assets/application.js?body=1" for 127.0.0.1 at 2012-09-08 23:02:25 -0700
Served asset /application.js - 304 Not Modified (0ms)


Started GET "/zombies" for 127.0.0.1 at 2012-09-08 23:02:28 -0700
Processing by ZombiesController#index as HTML
  [1m[36mZombie Load (0.3ms)[0m  [1mSELECT `zombies`.* FROM `zombies` [0m
  Rendered zombies/index.html.erb within layouts/application (3.3ms)
Completed 200 OK in 11ms (Views: 9.6ms | ActiveRecord: 0.3ms)


Started GET "/assets/application.css?body=1" for 127.0.0.1 at 2012-09-08 23:02:28 -0700
Served asset /application.css - 304 Not Modified (0ms)


Started GET "/assets/scaffolds.css?body=1" for 127.0.0.1 at 2012-09-08 23:02:28 -0700
Served asset /scaffolds.css - 304 Not Modified (0ms)


Started GET "/assets/tweets.css?body=1" for 127.0.0.1 at 2012-09-08 23:02:28 -0700
Served asset /tweets.css - 304 Not Modified (0ms)


Started GET "/assets/zombies.css?body=1" for 127.0.0.1 at 2012-09-08 23:02:28 -0700
Served asset /zombies.css - 304 Not Modified (0ms)


Started GET "/assets/jquery_ujs.js?body=1" for 127.0.0.1 at 2012-09-08 23:02:28 -0700
Served asset /jquery_ujs.js - 304 Not Modified (0ms)


Started GET "/assets/jquery.js?body=1" for 127.0.0.1 at 2012-09-08 23:02:28 -0700
Served asset /jquery.js - 304 Not Modified (0ms)


Started GET "/assets/tweets.js?body=1" for 127.0.0.1 at 2012-09-08 23:02:28 -0700
Served asset /tweets.js - 304 Not Modified (0ms)


Started GET "/assets/zombies.js?body=1" for 127.0.0.1 at 2012-09-08 23:02:28 -0700
Served asset /zombies.js - 304 Not Modified (0ms)


Started GET "/assets/application.js?body=1" for 127.0.0.1 at 2012-09-08 23:02:28 -0700
Served asset /application.js - 304 Not Modified (0ms)


Started GET "/zombies/1" for 127.0.0.1 at 2012-09-08 23:02:38 -0700
Processing by ZombiesController#show as HTML
  Parameters: {"id"=>"1"}
  [1m[35mZombie Load (0.3ms)[0m  SELECT `zombies`.* FROM `zombies` WHERE `zombies`.`id` = 1 LIMIT 1
  Rendered zombies/show.html.erb within layouts/application (0.8ms)
Completed 200 OK in 9ms (Views: 7.4ms | ActiveRecord: 0.3ms)


Started GET "/assets/application.css?body=1" for 127.0.0.1 at 2012-09-08 23:02:38 -0700
Served asset /application.css - 304 Not Modified (0ms)


Started GET "/assets/jquery.js?body=1" for 127.0.0.1 at 2012-09-08 23:02:38 -0700
Served asset /jquery.js - 304 Not Modified (0ms)


Started GET "/assets/scaffolds.css?body=1" for 127.0.0.1 at 2012-09-08 23:02:38 -0700
Served asset /scaffolds.css - 304 Not Modified (0ms)


Started GET "/assets/zombies.css?body=1" for 127.0.0.1 at 2012-09-08 23:02:38 -0700
Served asset /zombies.css - 304 Not Modified (0ms)


Started GET "/assets/tweets.css?body=1" for 127.0.0.1 at 2012-09-08 23:02:38 -0700
Served asset /tweets.css - 304 Not Modified (0ms)


Started GET "/assets/jquery_ujs.js?body=1" for 127.0.0.1 at 2012-09-08 23:02:38 -0700
Served asset /jquery_ujs.js - 304 Not Modified (0ms)


Started GET "/assets/zombies.js?body=1" for 127.0.0.1 at 2012-09-08 23:02:38 -0700
Served asset /zombies.js - 304 Not Modified (0ms)


Started GET "/assets/tweets.js?body=1" for 127.0.0.1 at 2012-09-08 23:02:38 -0700
Served asset /tweets.js - 304 Not Modified (0ms)


Started GET "/assets/application.js?body=1" for 127.0.0.1 at 2012-09-08 23:02:38 -0700
Served asset /application.js - 304 Not Modified (0ms)


Started GET "/zombies" for 127.0.0.1 at 2012-09-08 23:08:06 -0700
Processing by ZombiesController#index as HTML
  [1m[36mZombie Load (0.3ms)[0m  [1mSELECT `zombies`.* FROM `zombies` [0m
  Rendered zombies/index.html.erb within layouts/application (3.1ms)
Completed 200 OK in 11ms (Views: 9.5ms | ActiveRecord: 0.3ms)


Started GET "/assets/scaffolds.css?body=1" for 127.0.0.1 at 2012-09-08 23:08:06 -0700
Served asset /scaffolds.css - 304 Not Modified (0ms)


Started GET "/assets/application.css?body=1" for 127.0.0.1 at 2012-09-08 23:08:06 -0700
Served asset /application.css - 304 Not Modified (0ms)


Started GET "/assets/jquery_ujs.js?body=1" for 127.0.0.1 at 2012-09-08 23:08:06 -0700
Served asset /jquery_ujs.js - 304 Not Modified (0ms)


Started GET "/assets/jquery.js?body=1" for 127.0.0.1 at 2012-09-08 23:08:06 -0700
Served asset /jquery.js - 304 Not Modified (0ms)


Started GET "/assets/zombies.css?body=1" for 127.0.0.1 at 2012-09-08 23:08:06 -0700
Served asset /zombies.css - 304 Not Modified (0ms)


Started GET "/assets/tweets.css?body=1" for 127.0.0.1 at 2012-09-08 23:08:06 -0700
Served asset /tweets.css - 304 Not Modified (0ms)


Started GET "/assets/tweets.js?body=1" for 127.0.0.1 at 2012-09-08 23:08:06 -0700
Served asset /tweets.js - 304 Not Modified (0ms)


Started GET "/assets/zombies.js?body=1" for 127.0.0.1 at 2012-09-08 23:08:06 -0700
Served asset /zombies.js - 304 Not Modified (0ms)


Started GET "/assets/application.js?body=1" for 127.0.0.1 at 2012-09-08 23:08:06 -0700
Served asset /application.js - 304 Not Modified (0ms)


Started GET "/zombies/1" for 127.0.0.1 at 2012-09-08 23:08:07 -0700
Processing by ZombiesController#show as HTML
  Parameters: {"id"=>"1"}
  [1m[35mZombie Load (0.3ms)[0m  SELECT `zombies`.* FROM `zombies` WHERE `zombies`.`id` = 1 LIMIT 1
  [1m[36mTweet Load (0.4ms)[0m  [1mSELECT `tweets`.* FROM `tweets` WHERE `tweets`.`zombie_id` = 1[0m
  Rendered zombies/show.html.erb within layouts/application (66.8ms)
Completed 500 Internal Server Error in 70ms

ActionView::Template::Error (undefined method `tweet' for #<Zombie:0x007fb3e9e17608>):
    33: 
    34: 
    35: <b>Add a Tweet</b>
    36: <%= form_for([@zombie, @zombie.tweet.build]) do |f| %>
    37: <div class="field">
    38:   <%= f.label :status %><br />
    39:   <%= f.text_field :status %>
  app/views/zombies/show.html.erb:36:in `_app_views_zombies_show_html_erb__1379429694333962818_70205356833480'
  app/controllers/zombies_controller.rb:18:in `show'


  Rendered /Users/vishal/.rvm/gems/ruby-1.9.3-p194/gems/actionpack-3.2.8/lib/action_dispatch/middleware/templates/rescues/_trace.erb (1.7ms)
  Rendered /Users/vishal/.rvm/gems/ruby-1.9.3-p194/gems/actionpack-3.2.8/lib/action_dispatch/middleware/templates/rescues/_request_and_response.erb (1.2ms)
  Rendered /Users/vishal/.rvm/gems/ruby-1.9.3-p194/gems/actionpack-3.2.8/lib/action_dispatch/middleware/templates/rescues/template_error.erb within rescues/layout (10.9ms)


Started GET "/zombies/1" for 127.0.0.1 at 2012-09-08 23:08:27 -0700
Processing by ZombiesController#show as HTML
  Parameters: {"id"=>"1"}
  [1m[35mZombie Load (0.3ms)[0m  SELECT `zombies`.* FROM `zombies` WHERE `zombies`.`id` = 1 LIMIT 1
  [1m[36mTweet Load (0.6ms)[0m  [1mSELECT `tweets`.* FROM `tweets` WHERE `tweets`.`zombie_id` = 1[0m
  Rendered zombies/show.html.erb within layouts/application (17.8ms)
Completed 200 OK in 26ms (Views: 24.0ms | ActiveRecord: 0.9ms)


Started GET "/assets/tweets.css?body=1" for 127.0.0.1 at 2012-09-08 23:08:27 -0700
Served asset /tweets.css - 304 Not Modified (0ms)


Started GET "/assets/zombies.css?body=1" for 127.0.0.1 at 2012-09-08 23:08:27 -0700
Served asset /zombies.css - 304 Not Modified (0ms)


Started GET "/assets/jquery.js?body=1" for 127.0.0.1 at 2012-09-08 23:08:27 -0700
Served asset /jquery.js - 304 Not Modified (0ms)


Started GET "/assets/scaffolds.css?body=1" for 127.0.0.1 at 2012-09-08 23:08:27 -0700
Served asset /scaffolds.css - 304 Not Modified (0ms)


Started GET "/assets/jquery_ujs.js?body=1" for 127.0.0.1 at 2012-09-08 23:08:27 -0700
Served asset /jquery_ujs.js - 304 Not Modified (0ms)


Started GET "/assets/application.css?body=1" for 127.0.0.1 at 2012-09-08 23:08:27 -0700
Served asset /application.css - 304 Not Modified (0ms)


Started GET "/assets/tweets.js?body=1" for 127.0.0.1 at 2012-09-08 23:08:27 -0700
Served asset /tweets.js - 304 Not Modified (0ms)


Started GET "/assets/zombies.js?body=1" for 127.0.0.1 at 2012-09-08 23:08:27 -0700
Served asset /zombies.js - 304 Not Modified (0ms)


Started GET "/assets/application.js?body=1" for 127.0.0.1 at 2012-09-08 23:08:27 -0700
Served asset /application.js - 304 Not Modified (0ms)


Started POST "/zombies/1/tweets" for 127.0.0.1 at 2012-09-08 23:08:58 -0700
Processing by TweetsController#create as HTML
  Parameters: {"utf8"=>"✓", "authenticity_token"=>"dgvy80MsRlqlRSEu3EYc4kRo4hESyvdz8ZqYEFUF/G0=", "tweet"=>{"status"=>"Where can I get a good bite to eat?", "zombie"=>"Ash"}, "commit"=>"Create Tweet", "zombie_id"=>"1"}
Completed 500 Internal Server Error in 5ms

ActiveRecord::AssociationTypeMismatch (Zombie(#70205358395940) expected, got String(#70205338541960)):
  app/controllers/tweets_controller.rb:43:in `new'
  app/controllers/tweets_controller.rb:43:in `create'


  Rendered /Users/vishal/.rvm/gems/ruby-1.9.3-p194/gems/actionpack-3.2.8/lib/action_dispatch/middleware/templates/rescues/_trace.erb (1.5ms)
  Rendered /Users/vishal/.rvm/gems/ruby-1.9.3-p194/gems/actionpack-3.2.8/lib/action_dispatch/middleware/templates/rescues/_request_and_response.erb (1.2ms)
  Rendered /Users/vishal/.rvm/gems/ruby-1.9.3-p194/gems/actionpack-3.2.8/lib/action_dispatch/middleware/templates/rescues/diagnostics.erb within rescues/layout (10.8ms)
Connecting to database specified by database.yml


Started GET "/" for 127.0.0.1 at 2012-09-09 01:41:13 -0700
Processing by ZombiesController#index as HTML
  [1m[35mZombie Load (0.2ms)[0m  SELECT `zombies`.* FROM `zombies` 
  Rendered zombies/index.html.erb within layouts/application (4.1ms)
Completed 200 OK in 308ms (Views: 294.1ms | ActiveRecord: 3.4ms)


Started GET "/assets/scaffolds.css?body=1" for 127.0.0.1 at 2012-09-09 01:41:15 -0700
Served asset /scaffolds.css - 304 Not Modified (0ms)


Started GET "/assets/application.css?body=1" for 127.0.0.1 at 2012-09-09 01:41:15 -0700
Served asset /application.css - 304 Not Modified (0ms)


Started GET "/assets/jquery.js?body=1" for 127.0.0.1 at 2012-09-09 01:41:15 -0700
Served asset /jquery.js - 304 Not Modified (0ms)


Started GET "/assets/zombies.css?body=1" for 127.0.0.1 at 2012-09-09 01:41:15 -0700
Served asset /zombies.css - 304 Not Modified (0ms)


Started GET "/assets/tweets.css?body=1" for 127.0.0.1 at 2012-09-09 01:41:15 -0700
Served asset /tweets.css - 304 Not Modified (0ms)


Started GET "/assets/jquery_ujs.js?body=1" for 127.0.0.1 at 2012-09-09 01:41:15 -0700
Served asset /jquery_ujs.js - 304 Not Modified (0ms)


Started GET "/assets/tweets.js?body=1" for 127.0.0.1 at 2012-09-09 01:41:15 -0700
Served asset /tweets.js - 304 Not Modified (0ms)


Started GET "/assets/zombies.js?body=1" for 127.0.0.1 at 2012-09-09 01:41:15 -0700
Served asset /zombies.js - 304 Not Modified (0ms)


Started GET "/assets/application.js?body=1" for 127.0.0.1 at 2012-09-09 01:41:15 -0700
Served asset /application.js - 304 Not Modified (0ms)


Started POST "/zombies/1/tweets" for 127.0.0.1 at 2012-09-10 00:41:09 -0700
Processing by TweetsController#create as HTML
  Parameters: {"utf8"=>"✓", "authenticity_token"=>"dgvy80MsRlqlRSEu3EYc4kRo4hESyvdz8ZqYEFUF/G0=", "tweet"=>{"status"=>"Where can I get a good bite to eat?", "zombie"=>"Ash"}, "commit"=>"Create Tweet", "zombie_id"=>"1"}
Completed 500 Internal Server Error in 19ms

ActiveRecord::AssociationTypeMismatch (Zombie(#70205358516500) expected, got String(#70205338541960)):
  app/controllers/tweets_controller.rb:43:in `new'
  app/controllers/tweets_controller.rb:43:in `create'


  Rendered /Users/vishal/.rvm/gems/ruby-1.9.3-p194/gems/actionpack-3.2.8/lib/action_dispatch/middleware/templates/rescues/_trace.erb (2.1ms)
  Rendered /Users/vishal/.rvm/gems/ruby-1.9.3-p194/gems/actionpack-3.2.8/lib/action_dispatch/middleware/templates/rescues/_request_and_response.erb (1.4ms)
  Rendered /Users/vishal/.rvm/gems/ruby-1.9.3-p194/gems/actionpack-3.2.8/lib/action_dispatch/middleware/templates/rescues/diagnostics.erb within rescues/layout (17.9ms)


Started GET "/zombies/1" for 127.0.0.1 at 2012-09-10 00:41:18 -0700
Processing by ZombiesController#show as HTML
  Parameters: {"id"=>"1"}
  [1m[36mZombie Load (1.3ms)[0m  [1mSELECT `zombies`.* FROM `zombies` WHERE `zombies`.`id` = 1 LIMIT 1[0m
  [1m[35mTweet Load (1.3ms)[0m  SELECT `tweets`.* FROM `tweets` WHERE `tweets`.`zombie_id` = 1
  Rendered zombies/show.html.erb within layouts/application (75.4ms)
Completed 200 OK in 96ms (Views: 92.0ms | ActiveRecord: 2.6ms)


Started GET "/assets/scaffolds.css?body=1" for 127.0.0.1 at 2012-09-10 00:41:19 -0700
Served asset /scaffolds.css - 304 Not Modified (3ms)


Started GET "/assets/tweets.css?body=1" for 127.0.0.1 at 2012-09-10 00:41:19 -0700
Served asset /tweets.css - 304 Not Modified (0ms)


Started GET "/assets/tweets.js?body=1" for 127.0.0.1 at 2012-09-10 00:41:19 -0700
Served asset /tweets.js - 304 Not Modified (0ms)


Started GET "/assets/application.js?body=1" for 127.0.0.1 at 2012-09-10 00:41:19 -0700
Served asset /application.js - 304 Not Modified (0ms)


Started GET "/assets/zombies.js?body=1" for 127.0.0.1 at 2012-09-10 00:41:19 -0700
Served asset /zombies.js - 304 Not Modified (0ms)


Started GET "/assets/jquery.js?body=1" for 127.0.0.1 at 2012-09-10 00:41:19 -0700
Served asset /jquery.js - 304 Not Modified (0ms)


Started GET "/assets/application.css?body=1" for 127.0.0.1 at 2012-09-10 00:41:19 -0700
Served asset /application.css - 304 Not Modified (0ms)


Started GET "/assets/zombies.css?body=1" for 127.0.0.1 at 2012-09-10 00:41:19 -0700
Served asset /zombies.css - 304 Not Modified (0ms)


Started GET "/assets/jquery_ujs.js?body=1" for 127.0.0.1 at 2012-09-10 00:41:19 -0700
Served asset /jquery_ujs.js - 304 Not Modified (0ms)


Started POST "/topics/4/posts" for 127.0.0.1 at 2012-09-10 00:41:31 -0700

ActionController::RoutingError (No route matches [POST] "/topics/4/posts"):
  actionpack (3.2.8) lib/action_dispatch/middleware/debug_exceptions.rb:21:in `call'
  actionpack (3.2.8) lib/action_dispatch/middleware/show_exceptions.rb:56:in `call'
  railties (3.2.8) lib/rails/rack/logger.rb:26:in `call_app'
  railties (3.2.8) lib/rails/rack/logger.rb:16:in `call'
  actionpack (3.2.8) lib/action_dispatch/middleware/request_id.rb:22:in `call'
  rack (1.4.1) lib/rack/methodoverride.rb:21:in `call'
  rack (1.4.1) lib/rack/runtime.rb:17:in `call'
  activesupport (3.2.8) lib/active_support/cache/strategy/local_cache.rb:72:in `call'
  rack (1.4.1) lib/rack/lock.rb:15:in `call'
  actionpack (3.2.8) lib/action_dispatch/middleware/static.rb:62:in `call'
  railties (3.2.8) lib/rails/engine.rb:479:in `call'
  railties (3.2.8) lib/rails/application.rb:223:in `call'
  rack (1.4.1) lib/rack/content_length.rb:14:in `call'
  railties (3.2.8) lib/rails/rack/log_tailer.rb:17:in `call'
  rack (1.4.1) lib/rack/handler/webrick.rb:59:in `service'
  /Users/vishal/.rvm/rubies/ruby-1.9.3-p194/lib/ruby/1.9.1/webrick/httpserver.rb:138:in `service'
  /Users/vishal/.rvm/rubies/ruby-1.9.3-p194/lib/ruby/1.9.1/webrick/httpserver.rb:94:in `run'
  /Users/vishal/.rvm/rubies/ruby-1.9.3-p194/lib/ruby/1.9.1/webrick/server.rb:191:in `block in start_thread'


  Rendered /Users/vishal/.rvm/gems/ruby-1.9.3-p194/gems/actionpack-3.2.8/lib/action_dispatch/middleware/templates/rescues/routing_error.erb within rescues/layout (0.8ms)
Connecting to database specified by database.yml
Connecting to database specified by database.yml
Connecting to database specified by database.yml
  [1m[36m (1.6ms)[0m  [1mSELECT `schema_migrations`.`version` FROM `schema_migrations` [0m
Migrating to CreateZombies (20120908232703)
Migrating to CreateTweets (20120908232766)
  [1m[35m (34.4ms)[0m  CREATE TABLE `tweets` (`id` int(11) DEFAULT NULL auto_increment PRIMARY KEY, `status` varchar(255), `zombie` varchar(255), `zombie_id` int(11), `created_at` datetime NOT NULL, `updated_at` datetime NOT NULL) ENGINE=InnoDB
  [1m[36m (37.3ms)[0m  [1mCREATE INDEX `index_tweets_on_zombie_id` ON `tweets` (`zombie_id`)[0m
  [1m[35m (2.2ms)[0m  INSERT INTO `schema_migrations` (`version`) VALUES ('20120908232766')
  [1m[36m (0.2ms)[0m  [1mSELECT `schema_migrations`.`version` FROM `schema_migrations` [0m
Connecting to database specified by database.yml
Connecting to database specified by database.yml
Connecting to database specified by database.yml
  [1m[36m (1.6ms)[0m  [1mSELECT `schema_migrations`.`version` FROM `schema_migrations` [0m
Migrating to CreateZombies (20120908232703)
Migrating to CreateTweets (20120908232767)
  [1m[35m (16.4ms)[0m  CREATE TABLE `tweets` (`id` int(11) DEFAULT NULL auto_increment PRIMARY KEY, `status` varchar(255), `zombie_id` int(11), `created_at` datetime NOT NULL, `updated_at` datetime NOT NULL) ENGINE=InnoDB
  [1m[36m (19.5ms)[0m  [1mCREATE INDEX `index_tweets_on_zombie_id` ON `tweets` (`zombie_id`)[0m
  [1m[35m (0.8ms)[0m  INSERT INTO `schema_migrations` (`version`) VALUES ('20120908232767')
  [1m[36m (0.2ms)[0m  [1mSELECT `schema_migrations`.`version` FROM `schema_migrations` [0m
Connecting to database specified by database.yml
Connecting to database specified by database.yml
Connecting to database specified by database.yml
